WARNING:logger:24-09-13, 16:16:28 {'payment_id': '9FCC61C6F2714B62858FCD047AF1495A', 'status': 'paid', 'status_changed': '2024-09-13T16:14:36.953633+02:00', 'payer_alias': '46733979673', 'amount': '10', 'machine': 'focumama'}
INFO:logger:24-09-13, 16:16:28 dricko: no payments to credit...
INFO:logger:24-09-13, 16:18:54 dricko: no payments to credit...
INFO:logger:24-09-13, 16:21:23 dricko: no payments to credit...
INFO:logger:24-09-13, 16:24:08 dricko: no payments to credit...
WARNING:logger:24-09-13, 16:24:08 {'payment_id': '9FCC61C6F2714B62858FCD047AF1495A', 'status': 'paid', 'status_changed': '2024-09-13T16:20:57.217117+02:00', 'payer_alias': '46733979673', 'amount': '10', 'machine': 'focumama'}
INFO:logger:24-09-13, 16:26:33 dricko: no payments to credit...
INFO:logger:24-09-13, 16:27:55 AC91A9075B264E0EB940BA0017D28633 was successfully credited!
INFO:logger:24-09-13, 16:28:02 dricko: no payments to credit...
INFO:logger:24-09-13, 16:30:27 dricko: no payments to credit...
INFO:logger:24-09-13, 16:32:53 dricko: no payments to credit...
INFO:logger:24-09-13, 16:35:19 dricko: no payments to credit...
INFO:logger:24-09-13, 16:37:14 dricko: no payments to credit...
INFO:logger:24-09-13, 16:37:19 no payments to credit...
Traceback (most recent call last):
  File "/home/foc/foc_pay3.0/foc_pay_handler.py", line 13, in <module>
    payment_creditor = PaymentCreditor(payments_to_credit_queue, credited_payments_queue)
  File "/home/foc/foc_pay3.0/payments.py", line 23, in __init__
    self.auth_token = os.environ["FOC_PAY_AUTH_TOKEN"]
  File "/usr/lib/python3.9/os.py", line 679, in __getitem__
    raise KeyError(key) from None
KeyError: 'FOC_PAY_AUTH_TOKEN'
WARNING:logger:24-09-13, 16:39:01 {'payment_id': '9FCC61C6F2714B62858FCD047AF1495A', 'status': 'paid', 'status_changed': '2024-09-13T16:38:59.644010+02:00', 'payer_alias': '46733979673', 'amount': '10', 'machine': 'focumama'}
INFO:logger:24-09-13, 16:39:01 dricko: no payments to credit...
INFO:logger:24-09-13, 16:41:27 dricko: no payments to credit...
INFO:logger:24-09-13, 16:43:53 dricko: no payments to credit...
INFO:logger:24-09-13, 16:46:52 dricko: no payments to credit...
WARNING:logger:24-09-13, 16:46:52 {'payment_id': '9FCC61C6F2714B62858FCD047AF1495A', 'status': 'paid', 'status_changed': '2024-09-13T16:38:59.644010+02:00', 'payer_alias': '46733979673', 'amount': '10', 'machine': 'focumama'}
INFO:logger:24-09-13, 16:49:21 dricko: no payments to credit...
INFO:logger:24-09-16, 16:34:42 INACTIVE
ERROR:logger:24-09-16, 16:34:43 < UNKNOWN CMDb'\x11\x01\x03\xe8\x03\xe8' | 110103e803e8         | INACTIVE
WARNING:logger:24-09-16, 16:34:43 Unexpected SETUP_MAXMIN payload
INFO:logger:24-09-16, 16:34:44 ENABLED
WARNING:logger:24-09-16, 16:34:50 {'payment_id': '9FCC61C6F2714B62858FCD047AF1495A', 'status': 'paid', 'status_changed': '2024-09-13T16:47:38.681761+02:00', 'payer_alias': '46733979673', 'amount': '10', 'machine': 'focumama'}
INFO:logger:24-09-16, 16:34:50 9FCC61C6F2714B62858FCD047AF1495A should be credited, starting vend session
INFO:logger:24-09-16, 16:34:51 E5D60750285649D59DC162641F3A4140 was successfully credited!
INFO:logger:24-09-16, 16:34:58 dricko: no payments to credit...
INFO:logger:24-09-16, 16:35:41 VEND
INFO:logger:24-09-16, 16:35:41 9FCC61C6F2714B62858FCD047AF1495A will now be credited (vend approved!)
INFO:logger:24-09-16, 16:35:41 9FCC61C6F2714B62858FCD047AF1495A was successfully credited!
starting process
INFO:logger:24-09-16, 16:35:43 VEND finished!
INFO:logger:24-09-16, 16:35:43 ENABLED
INFO:logger:24-09-16, 16:35:56 no payments to credit...
INFO:logger:24-09-16, 16:37:22 dricko: no payments to credit...
INFO:logger:24-09-16, 16:37:40 no payments to credit...
INFO:logger:24-09-16, 16:39:24 no payments to credit...
INFO:logger:24-09-16, 16:39:45 dricko: no payments to credit...
INFO:logger:24-09-16, 16:41:08 no payments to credit...
INFO:logger:24-09-16, 16:42:09 dricko: no payments to credit...
INFO:logger:24-09-16, 16:42:24 1AEAB5B8C467480CA4C386AE9C86EFA3 was successfully credited!
INFO:logger:24-09-16, 16:42:31 dricko: no payments to credit...
INFO:logger:24-09-16, 16:42:51 no payments to credit...
INFO:logger:24-09-16, 16:44:35 no payments to credit...
INFO:logger:24-09-16, 16:44:54 dricko: no payments to credit...
INFO:logger:24-09-16, 16:46:19 no payments to credit...
INFO:logger:24-09-16, 16:47:18 dricko: no payments to credit...
INFO:logger:24-09-16, 16:48:03 no payments to credit...
INFO:logger:24-09-16, 16:49:41 dricko: no payments to credit...
INFO:logger:24-09-16, 16:49:47 no payments to credit...
INFO:logger:24-09-16, 16:51:31 no payments to credit...
INFO:logger:24-09-16, 16:52:05 dricko: no payments to credit...
INFO:logger:24-09-16, 16:53:15 no payments to credit...
INFO:logger:24-09-16, 16:54:29 dricko: no payments to credit...
INFO:logger:24-09-16, 16:54:58 no payments to credit...
INFO:logger:24-09-16, 16:56:43 no payments to credit...
INFO:logger:24-09-16, 16:56:52 dricko: no payments to credit...
INFO:logger:24-09-16, 16:58:26 no payments to credit...
INFO:logger:24-09-16, 16:59:16 dricko: no payments to credit...
INFO:logger:24-09-16, 17:00:11 no payments to credit...
INFO:logger:24-09-16, 17:01:40 dricko: no payments to credit...
INFO:logger:24-09-16, 17:01:54 no payments to credit...
INFO:logger:24-09-16, 17:03:39 no payments to credit...
INFO:logger:24-09-16, 17:04:04 dricko: no payments to credit...
INFO:logger:24-09-16, 17:05:23 no payments to credit...
INFO:logger:24-09-16, 17:06:27 dricko: no payments to credit...
INFO:logger:24-09-16, 17:07:07 no payments to credit...
INFO:logger:24-09-16, 17:08:51 dricko: no payments to credit...
INFO:logger:24-09-16, 17:08:51 no payments to credit...
INFO:logger:24-09-16, 17:10:35 no payments to credit...
INFO:logger:24-09-16, 17:11:15 dricko: no payments to credit...
INFO:logger:24-09-16, 17:12:19 no payments to credit...
INFO:logger:24-09-16, 17:13:38 dricko: no payments to credit...
INFO:logger:24-09-16, 17:14:03 no payments to credit...
INFO:logger:24-09-16, 17:15:47 no payments to credit...
INFO:logger:24-09-16, 17:16:02 dricko: no payments to credit...
INFO:logger:24-09-16, 17:17:31 no payments to credit...
INFO:logger:24-09-16, 17:18:26 dricko: no payments to credit...
INFO:logger:24-09-16, 17:19:15 no payments to credit...
INFO:logger:24-09-16, 17:20:49 dricko: no payments to credit...
INFO:logger:24-09-16, 17:20:58 no payments to credit...
WARNING:logger:24-09-16, 17:22:38 {'payment_id': '3EDA9042BE1740C28B89E8C1F082CD6A', 'status': 'paid', 'status_changed': '2024-09-16T17:22:33.792374+02:00', 'payer_alias': '46733979673', 'amount': '10', 'machine': 'focumama'}
INFO:logger:24-09-16, 17:22:38 3EDA9042BE1740C28B89E8C1F082CD6A should be credited, starting vend session
INFO:logger:24-09-16, 17:22:44 VEND
INFO:logger:24-09-16, 17:22:44 3EDA9042BE1740C28B89E8C1F082CD6A will now be credited (vend approved!)
INFO:logger:24-09-16, 17:22:45 3EDA9042BE1740C28B89E8C1F082CD6A was successfully credited!
INFO:logger:24-09-16, 17:22:47 VEND finished!
INFO:logger:24-09-16, 17:22:47 ENABLED
INFO:logger:24-09-16, 17:23:00 no payments to credit...
INFO:logger:24-09-16, 17:23:13 dricko: no payments to credit...
INFO:logger:24-09-16, 17:24:44 no payments to credit...
INFO:logger:24-09-16, 17:25:13 DISABLED
INFO:logger:24-09-16, 17:25:36 dricko: no payments to credit...
INFO:logger:24-09-16, 17:26:28 no payments to credit...
INFO:logger:24-09-16, 17:27:59 dricko: no payments to credit...
INFO:logger:24-09-16, 17:28:12 no payments to credit...
INFO:logger:24-09-16, 17:29:55 no payments to credit...
INFO:logger:24-09-16, 17:30:23 dricko: no payments to credit...
INFO:logger:24-09-16, 17:31:39 no payments to credit...
INFO:logger:24-09-16, 17:32:46 dricko: no payments to credit...
INFO:logger:24-09-16, 17:33:23 no payments to credit...
INFO:logger:24-09-16, 17:35:07 no payments to credit...
INFO:logger:24-09-16, 17:35:10 dricko: no payments to credit...
INFO:logger:24-09-16, 17:36:51 no payments to credit...
INFO:logger:24-09-16, 17:37:33 dricko: no payments to credit...
INFO:logger:24-09-16, 17:38:35 no payments to credit...
INFO:logger:24-09-16, 17:39:57 dricko: no payments to credit...
INFO:logger:24-09-16, 17:40:18 no payments to credit...
INFO:logger:24-09-16, 17:42:02 no payments to credit...
INFO:logger:24-09-16, 17:42:20 dricko: no payments to credit...
INFO:logger:24-09-16, 17:43:45 ENABLED
INFO:logger:24-09-16, 17:43:46 no payments to credit...
INFO:logger:24-09-16, 17:44:46 dricko: no payments to credit...
WARNING:logger:24-09-16, 17:44:48 {'payment_id': '020ABFC381F64D7F9F279E9D9DD1ADD0', 'status': 'paid', 'status_changed': '2024-09-16T17:44:48.493562+02:00', 'payer_alias': '46761778453', 'amount': '10', 'machine': 'focumama'}
INFO:logger:24-09-16, 17:44:48 020ABFC381F64D7F9F279E9D9DD1ADD0 should be credited, starting vend session
INFO:logger:24-09-16, 17:45:03 VEND
INFO:logger:24-09-16, 17:45:04 020ABFC381F64D7F9F279E9D9DD1ADD0 will now be credited (vend approved!)
INFO:logger:24-09-16, 17:45:04 020ABFC381F64D7F9F279E9D9DD1ADD0 was successfully credited!
INFO:logger:24-09-16, 17:45:06 VEND finished!
INFO:logger:24-09-16, 17:45:06 ENABLED
INFO:logger:24-09-16, 17:45:19 no payments to credit...
WARNING:logger:24-09-16, 17:46:22 {'payment_id': 'CE3441C799DD4760AF201E6475AA58DA', 'status': 'paid', 'status_changed': '2024-09-16T17:46:21.767432+02:00', 'payer_alias': '46768995084', 'amount': '10', 'machine': 'focumama'}
INFO:logger:24-09-16, 17:46:22 CE3441C799DD4760AF201E6475AA58DA should be credited, starting vend session
INFO:logger:24-09-16, 17:46:48 VEND
INFO:logger:24-09-16, 17:46:48 CE3441C799DD4760AF201E6475AA58DA will now be credited (vend approved!)
INFO:logger:24-09-16, 17:46:48 CE3441C799DD4760AF201E6475AA58DA was successfully credited!
INFO:logger:24-09-16, 17:46:50 VEND finished!
INFO:logger:24-09-16, 17:46:50 ENABLED
INFO:logger:24-09-16, 17:47:04 no payments to credit...
INFO:logger:24-09-16, 17:47:09 dricko: no payments to credit...
INFO:logger:24-09-16, 17:48:47 no payments to credit...
WARNING:logger:24-09-16, 17:49:29 {'payment_id': '25805B81E50B497DB5DCEFBE7FC75B81', 'status': 'paid', 'status_changed': '2024-09-16T17:49:26.729238+02:00', 'payer_alias': '46729719396', 'amount': '10', 'machine': 'focumama'}
INFO:logger:24-09-16, 17:49:29 25805B81E50B497DB5DCEFBE7FC75B81 should be credited, starting vend session
INFO:logger:24-09-16, 17:49:33 dricko: no payments to credit...
INFO:logger:24-09-16, 17:51:58 dricko: no payments to credit...
INFO:logger:24-09-16, 17:54:23 dricko: no payments to credit...
INFO:logger:24-09-16, 17:56:48 dricko: no payments to credit...
INFO:logger:24-09-16, 17:59:12 dricko: no payments to credit...
INFO:logger:24-09-16, 18:01:37 dricko: no payments to credit...
INFO:logger:24-09-16, 18:04:01 dricko: no payments to credit...
INFO:logger:24-09-16, 18:06:26 dricko: no payments to credit...
INFO:logger:24-09-16, 18:08:50 dricko: no payments to credit...
INFO:logger:24-09-16, 18:11:15 dricko: no payments to credit...
INFO:logger:24-09-16, 18:13:40 dricko: no payments to credit...
INFO:logger:24-09-16, 18:16:05 dricko: no payments to credit...
INFO:logger:24-09-16, 18:18:30 dricko: no payments to credit...
INFO:logger:24-09-16, 18:20:55 dricko: no payments to credit...
INFO:logger:24-09-16, 18:23:21 dricko: no payments to credit...
INFO:logger:24-09-16, 18:25:46 dricko: no payments to credit...
INFO:logger:24-09-16, 18:28:27 dricko: no payments to credit...
INFO:logger:24-09-16, 18:30:52 dricko: no payments to credit...
INFO:logger:24-09-16, 18:33:18 dricko: no payments to credit...
INFO:logger:24-09-16, 18:35:43 dricko: no payments to credit...
INFO:logger:24-09-16, 18:38:09 dricko: no payments to credit...
INFO:logger:24-09-16, 18:40:34 dricko: no payments to credit...
INFO:logger:24-09-16, 18:43:00 dricko: no payments to credit...
INFO:logger:24-09-16, 18:45:25 dricko: no payments to credit...
INFO:logger:24-09-16, 18:47:51 dricko: no payments to credit...
INFO:logger:24-09-16, 18:50:17 dricko: no payments to credit...
INFO:logger:24-09-16, 18:52:42 dricko: no payments to credit...
INFO:logger:24-09-16, 18:55:08 dricko: no payments to credit...
INFO:logger:24-09-16, 18:57:33 dricko: no payments to credit...
INFO:logger:24-09-16, 18:59:58 dricko: no payments to credit...
INFO:logger:24-09-16, 19:02:24 dricko: no payments to credit...
INFO:logger:24-09-16, 19:04:49 dricko: no payments to credit...
INFO:logger:24-09-16, 19:07:15 dricko: no payments to credit...
INFO:logger:24-09-16, 19:09:40 dricko: no payments to credit...
INFO:logger:24-09-16, 19:12:06 dricko: no payments to credit...
INFO:logger:24-09-16, 19:14:31 dricko: no payments to credit...
INFO:logger:24-09-16, 19:16:56 dricko: no payments to credit...
INFO:logger:24-09-16, 19:19:22 dricko: no payments to credit...
INFO:logger:24-09-16, 19:21:47 dricko: no payments to credit...
INFO:logger:24-09-16, 19:24:12 dricko: no payments to credit...
INFO:logger:24-09-16, 19:26:37 dricko: no payments to credit...
INFO:logger:24-09-16, 19:29:02 dricko: no payments to credit...
INFO:logger:24-09-16, 19:31:27 dricko: no payments to credit...
INFO:logger:24-09-16, 19:33:52 dricko: no payments to credit...
INFO:logger:24-09-16, 19:36:18 dricko: no payments to credit...
INFO:logger:24-09-16, 19:38:00 C79B1015C0DC462FBEE2455410A5163D was successfully credited!
INFO:logger:24-09-16, 19:38:08 dricko: no payments to credit...
INFO:logger:24-09-16, 19:40:33 dricko: no payments to credit...
INFO:logger:24-09-16, 19:42:58 dricko: no payments to credit...
INFO:logger:24-09-16, 19:45:23 dricko: no payments to credit...
INFO:logger:24-09-16, 19:47:49 dricko: no payments to credit...
INFO:logger:24-09-16, 19:50:14 dricko: no payments to credit...
INFO:logger:24-09-16, 19:52:40 dricko: no payments to credit...
INFO:logger:24-09-16, 19:55:20 dricko: no payments to credit...
INFO:logger:24-09-16, 19:57:46 dricko: no payments to credit...
INFO:logger:24-09-16, 20:00:11 dricko: no payments to credit...
INFO:logger:24-09-16, 20:02:37 dricko: no payments to credit...
INFO:logger:24-09-16, 20:05:02 dricko: no payments to credit...
INFO:logger:24-09-16, 20:07:28 dricko: no payments to credit...
INFO:logger:24-09-16, 20:09:53 dricko: no payments to credit...
INFO:logger:24-09-16, 20:12:19 dricko: no payments to credit...
INFO:logger:24-09-16, 20:14:44 dricko: no payments to credit...
INFO:logger:24-09-16, 20:17:10 dricko: no payments to credit...
INFO:logger:24-09-16, 20:19:35 dricko: no payments to credit...
INFO:logger:24-09-16, 20:22:01 dricko: no payments to credit...
INFO:logger:24-09-16, 20:24:26 dricko: no payments to credit...
INFO:logger:24-09-16, 20:26:51 dricko: no payments to credit...
INFO:logger:24-09-16, 20:29:15 dricko: no payments to credit...
INFO:logger:24-09-16, 20:30:43 A6B6295996F1430ABC521A0169577B54 was successfully credited!
INFO:logger:24-09-16, 20:30:50 dricko: no payments to credit...
INFO:logger:24-09-16, 20:33:15 dricko: no payments to credit...
INFO:logger:24-09-16, 20:35:40 dricko: no payments to credit...
INFO:logger:24-09-16, 20:38:04 dricko: no payments to credit...
INFO:logger:24-09-16, 20:40:28 dricko: no payments to credit...
INFO:logger:24-09-16, 20:43:09 dricko: no payments to credit...
INFO:logger:24-09-16, 20:45:35 dricko: no payments to credit...
INFO:logger:24-09-16, 20:48:01 dricko: no payments to credit...
INFO:logger:24-09-16, 20:50:27 dricko: no payments to credit...
INFO:logger:24-09-16, 20:52:53 dricko: no payments to credit...
INFO:logger:24-09-16, 20:55:34 dricko: no payments to credit...
INFO:logger:24-09-16, 20:58:00 dricko: no payments to credit...
INFO:logger:24-09-16, 21:00:27 dricko: no payments to credit...
INFO:logger:24-09-16, 21:02:53 dricko: no payments to credit...
INFO:logger:24-09-16, 21:05:19 dricko: no payments to credit...
INFO:logger:24-09-16, 21:07:45 dricko: no payments to credit...
INFO:logger:24-09-16, 21:10:11 dricko: no payments to credit...
INFO:logger:24-09-16, 21:12:36 dricko: no payments to credit...
INFO:logger:24-09-16, 21:15:02 dricko: no payments to credit...
INFO:logger:24-09-16, 21:17:26 dricko: no payments to credit...
INFO:logger:24-09-16, 21:19:51 dricko: no payments to credit...
INFO:logger:24-09-16, 21:22:16 dricko: no payments to credit...
INFO:logger:24-09-16, 21:24:40 dricko: no payments to credit...
INFO:logger:24-09-16, 21:27:05 dricko: no payments to credit...
INFO:logger:24-09-16, 21:29:29 dricko: no payments to credit...
INFO:logger:24-09-16, 21:31:54 dricko: no payments to credit...
INFO:logger:24-09-16, 21:34:19 dricko: no payments to credit...
INFO:logger:24-09-16, 21:36:43 dricko: no payments to credit...
INFO:logger:24-09-16, 21:39:08 dricko: no payments to credit...
INFO:logger:24-09-16, 21:41:32 dricko: no payments to credit...
INFO:logger:24-09-16, 21:43:56 dricko: no payments to credit...
INFO:logger:24-09-16, 21:46:21 dricko: no payments to credit...
INFO:logger:24-09-16, 21:48:45 dricko: no payments to credit...
INFO:logger:24-09-16, 21:51:09 dricko: no payments to credit...
INFO:logger:24-09-16, 21:53:33 dricko: no payments to credit...
INFO:logger:24-09-16, 21:55:58 dricko: no payments to credit...
INFO:logger:24-09-16, 21:58:22 dricko: no payments to credit...
INFO:logger:24-09-16, 22:00:46 dricko: no payments to credit...
INFO:logger:24-09-16, 22:03:10 dricko: no payments to credit...
INFO:logger:24-09-16, 22:05:35 dricko: no payments to credit...
INFO:logger:24-09-16, 22:07:59 dricko: no payments to credit...
INFO:logger:24-09-16, 22:10:23 dricko: no payments to credit...
INFO:logger:24-09-16, 22:12:48 dricko: no payments to credit...
INFO:logger:24-09-16, 22:15:12 dricko: no payments to credit...
INFO:logger:24-09-16, 22:17:37 dricko: no payments to credit...
INFO:logger:24-09-16, 22:20:01 dricko: no payments to credit...
INFO:logger:24-09-16, 22:22:28 dricko: no payments to credit...
INFO:logger:24-09-16, 22:24:52 dricko: no payments to credit...
INFO:logger:24-09-16, 22:27:17 dricko: no payments to credit...
INFO:logger:24-09-16, 22:29:41 dricko: no payments to credit...
INFO:logger:24-09-16, 22:32:06 dricko: no payments to credit...
INFO:logger:24-09-16, 22:34:30 dricko: no payments to credit...
INFO:logger:24-09-16, 22:36:55 dricko: no payments to credit...
INFO:logger:24-09-16, 22:39:19 dricko: no payments to credit...
INFO:logger:24-09-16, 22:41:43 dricko: no payments to credit...
INFO:logger:24-09-16, 22:44:08 dricko: no payments to credit...
INFO:logger:24-09-16, 22:46:32 dricko: no payments to credit...
INFO:logger:24-09-16, 22:48:57 dricko: no payments to credit...
INFO:logger:24-09-16, 22:51:21 dricko: no payments to credit...
INFO:logger:24-09-16, 22:53:45 dricko: no payments to credit...
INFO:logger:24-09-16, 22:56:09 dricko: no payments to credit...
INFO:logger:24-09-16, 22:58:33 dricko: no payments to credit...
INFO:logger:24-09-16, 23:00:57 dricko: no payments to credit...
INFO:logger:24-09-16, 23:03:22 dricko: no payments to credit...
INFO:logger:24-09-16, 23:05:46 dricko: no payments to credit...
INFO:logger:24-09-16, 23:08:10 dricko: no payments to credit...
INFO:logger:24-09-16, 23:10:34 dricko: no payments to credit...
INFO:logger:24-09-16, 23:12:58 dricko: no payments to credit...
INFO:logger:24-09-16, 23:15:22 dricko: no payments to credit...
INFO:logger:24-09-16, 23:17:46 dricko: no payments to credit...
INFO:logger:24-09-16, 23:20:11 dricko: no payments to credit...
INFO:logger:24-09-16, 23:22:35 dricko: no payments to credit...
INFO:logger:24-09-16, 23:24:59 dricko: no payments to credit...
INFO:logger:24-09-16, 23:27:24 dricko: no payments to credit...
INFO:logger:24-09-16, 23:29:48 dricko: no payments to credit...
INFO:logger:24-09-16, 23:32:12 dricko: no payments to credit...
INFO:logger:24-09-16, 23:34:36 dricko: no payments to credit...
INFO:logger:24-09-16, 23:37:00 dricko: no payments to credit...
INFO:logger:24-09-16, 23:39:25 dricko: no payments to credit...
INFO:logger:24-09-16, 23:41:49 dricko: no payments to credit...
INFO:logger:24-09-16, 23:44:13 dricko: no payments to credit...
INFO:logger:24-09-16, 23:46:38 dricko: no payments to credit...
INFO:logger:24-09-16, 23:49:02 dricko: no payments to credit...
INFO:logger:24-09-16, 23:51:26 dricko: no payments to credit...
INFO:logger:24-09-16, 23:53:52 dricko: no payments to credit...
INFO:logger:24-09-16, 23:56:16 dricko: no payments to credit...
INFO:logger:24-09-16, 23:58:41 dricko: no payments to credit...
INFO:logger:24-09-17, 00:01:05 dricko: no payments to credit...
INFO:logger:24-09-17, 00:04:02 dricko: no payments to credit...
INFO:logger:24-09-17, 00:06:26 dricko: no payments to credit...
INFO:logger:24-09-17, 00:08:50 dricko: no payments to credit...
INFO:logger:24-09-17, 00:11:14 dricko: no payments to credit...
INFO:logger:24-09-17, 00:13:38 dricko: no payments to credit...
INFO:logger:24-09-17, 00:16:03 dricko: no payments to credit...
INFO:logger:24-09-17, 00:18:28 dricko: no payments to credit...
INFO:logger:24-09-17, 00:20:52 dricko: no payments to credit...
INFO:logger:24-09-17, 00:23:16 dricko: no payments to credit...
INFO:logger:24-09-17, 00:25:40 dricko: no payments to credit...
INFO:logger:24-09-17, 00:28:05 dricko: no payments to credit...
INFO:logger:24-09-17, 00:30:29 dricko: no payments to credit...
INFO:logger:24-09-17, 00:33:09 dricko: no payments to credit...
INFO:logger:24-09-17, 00:35:33 dricko: no payments to credit...
INFO:logger:24-09-17, 00:37:57 dricko: no payments to credit...
INFO:logger:24-09-17, 00:40:22 dricko: no payments to credit...
INFO:logger:24-09-17, 00:42:46 dricko: no payments to credit...
INFO:logger:24-09-17, 00:45:10 dricko: no payments to credit...
INFO:logger:24-09-17, 00:47:34 dricko: no payments to credit...
INFO:logger:24-09-17, 00:49:59 dricko: no payments to credit...
INFO:logger:24-09-17, 00:52:23 dricko: no payments to credit...
INFO:logger:24-09-17, 00:54:47 dricko: no payments to credit...
INFO:logger:24-09-17, 00:57:11 dricko: no payments to credit...
INFO:logger:24-09-17, 00:59:36 dricko: no payments to credit...
INFO:logger:24-09-17, 01:02:00 dricko: no payments to credit...
INFO:logger:24-09-17, 01:04:25 dricko: no payments to credit...
INFO:logger:24-09-17, 01:06:48 dricko: no payments to credit...
INFO:logger:24-09-17, 01:09:13 dricko: no payments to credit...
INFO:logger:24-09-17, 01:11:40 dricko: no payments to credit...
INFO:logger:24-09-17, 01:14:04 dricko: no payments to credit...
INFO:logger:24-09-17, 01:16:28 dricko: no payments to credit...
INFO:logger:24-09-17, 01:18:52 dricko: no payments to credit...
INFO:logger:24-09-17, 01:21:16 dricko: no payments to credit...
INFO:logger:24-09-17, 01:23:40 dricko: no payments to credit...
INFO:logger:24-09-17, 01:26:04 dricko: no payments to credit...
INFO:logger:24-09-17, 01:28:28 dricko: no payments to credit...
INFO:logger:24-09-17, 01:30:53 dricko: no payments to credit...
INFO:logger:24-09-17, 01:33:16 dricko: no payments to credit...
INFO:logger:24-09-17, 01:35:40 dricko: no payments to credit...
INFO:logger:24-09-17, 01:38:05 dricko: no payments to credit...
INFO:logger:24-09-17, 01:40:29 dricko: no payments to credit...
INFO:logger:24-09-17, 01:42:53 dricko: no payments to credit...
INFO:logger:24-09-17, 01:45:20 dricko: no payments to credit...
INFO:logger:24-09-17, 01:47:45 dricko: no payments to credit...
INFO:logger:24-09-17, 01:50:09 dricko: no payments to credit...
INFO:logger:24-09-17, 01:52:33 dricko: no payments to credit...
INFO:logger:24-09-17, 01:54:57 dricko: no payments to credit...
INFO:logger:24-09-17, 01:57:21 dricko: no payments to credit...
INFO:logger:24-09-17, 01:59:45 dricko: no payments to credit...
INFO:logger:24-09-17, 02:02:09 dricko: no payments to credit...
INFO:logger:24-09-17, 02:04:34 dricko: no payments to credit...
INFO:logger:24-09-17, 02:06:58 dricko: no payments to credit...
INFO:logger:24-09-17, 02:09:22 dricko: no payments to credit...
INFO:logger:24-09-17, 02:11:46 dricko: no payments to credit...
INFO:logger:24-09-17, 02:14:10 dricko: no payments to credit...
INFO:logger:24-09-17, 02:16:34 dricko: no payments to credit...
INFO:logger:24-09-17, 02:18:58 dricko: no payments to credit...
INFO:logger:24-09-17, 02:21:22 dricko: no payments to credit...
INFO:logger:24-09-17, 02:23:46 dricko: no payments to credit...
INFO:logger:24-09-17, 02:26:10 dricko: no payments to credit...
INFO:logger:24-09-17, 02:28:34 dricko: no payments to credit...
INFO:logger:24-09-17, 02:30:59 dricko: no payments to credit...
INFO:logger:24-09-17, 02:33:23 dricko: no payments to credit...
INFO:logger:24-09-17, 02:35:47 dricko: no payments to credit...
INFO:logger:24-09-17, 02:38:10 dricko: no payments to credit...
INFO:logger:24-09-17, 02:40:34 dricko: no payments to credit...
INFO:logger:24-09-17, 02:42:58 dricko: no payments to credit...
INFO:logger:24-09-17, 02:45:22 dricko: no payments to credit...
INFO:logger:24-09-17, 02:47:46 dricko: no payments to credit...
INFO:logger:24-09-17, 02:50:10 dricko: no payments to credit...
INFO:logger:24-09-17, 02:52:34 dricko: no payments to credit...
INFO:logger:24-09-17, 02:54:58 dricko: no payments to credit...
INFO:logger:24-09-17, 02:57:23 dricko: no payments to credit...
INFO:logger:24-09-17, 02:59:46 dricko: no payments to credit...
INFO:logger:24-09-17, 03:02:11 dricko: no payments to credit...
INFO:logger:24-09-17, 03:04:35 dricko: no payments to credit...
INFO:logger:24-09-17, 03:06:59 dricko: no payments to credit...
INFO:logger:24-09-17, 03:09:23 dricko: no payments to credit...
INFO:logger:24-09-17, 03:11:47 dricko: no payments to credit...
INFO:logger:24-09-17, 03:14:11 dricko: no payments to credit...
INFO:logger:24-09-17, 03:16:35 dricko: no payments to credit...
INFO:logger:24-09-17, 03:18:58 dricko: no payments to credit...
INFO:logger:24-09-17, 03:21:23 dricko: no payments to credit...
INFO:logger:24-09-17, 03:23:47 dricko: no payments to credit...
INFO:logger:24-09-17, 03:26:11 dricko: no payments to credit...
INFO:logger:24-09-17, 03:28:34 dricko: no payments to credit...
INFO:logger:24-09-17, 03:30:58 dricko: no payments to credit...
INFO:logger:24-09-17, 03:33:22 dricko: no payments to credit...
INFO:logger:24-09-17, 03:35:46 dricko: no payments to credit...
INFO:logger:24-09-17, 03:38:10 dricko: no payments to credit...
INFO:logger:24-09-17, 03:40:34 dricko: no payments to credit...
INFO:logger:24-09-17, 03:42:58 dricko: no payments to credit...
INFO:logger:24-09-17, 03:45:22 dricko: no payments to credit...
INFO:logger:24-09-17, 03:47:45 dricko: no payments to credit...
INFO:logger:24-09-17, 03:50:09 dricko: no payments to credit...
INFO:logger:24-09-17, 03:52:33 dricko: no payments to credit...
INFO:logger:24-09-17, 03:54:58 dricko: no payments to credit...
INFO:logger:24-09-17, 03:57:22 dricko: no payments to credit...
INFO:logger:24-09-17, 03:59:45 dricko: no payments to credit...
INFO:logger:24-09-17, 04:02:14 dricko: no payments to credit...
INFO:logger:24-09-17, 04:04:54 dricko: no payments to credit...
INFO:logger:24-09-17, 04:07:18 dricko: no payments to credit...
INFO:logger:24-09-17, 04:09:42 dricko: no payments to credit...
INFO:logger:24-09-17, 04:12:06 dricko: no payments to credit...
INFO:logger:24-09-17, 04:14:30 dricko: no payments to credit...
INFO:logger:24-09-17, 04:16:55 dricko: no payments to credit...
INFO:logger:24-09-17, 04:19:19 dricko: no payments to credit...
INFO:logger:24-09-17, 04:21:43 dricko: no payments to credit...
INFO:logger:24-09-17, 04:24:08 dricko: no payments to credit...
INFO:logger:24-09-17, 04:26:32 dricko: no payments to credit...
INFO:logger:24-09-17, 04:28:56 dricko: no payments to credit...
INFO:logger:24-09-17, 04:31:20 dricko: no payments to credit...
INFO:logger:24-09-17, 04:33:44 dricko: no payments to credit...
INFO:logger:24-09-17, 04:36:10 dricko: no payments to credit...
INFO:logger:24-09-17, 04:38:34 dricko: no payments to credit...
INFO:logger:24-09-17, 04:40:58 dricko: no payments to credit...
INFO:logger:24-09-17, 04:43:21 dricko: no payments to credit...
INFO:logger:24-09-17, 04:45:46 dricko: no payments to credit...
INFO:logger:24-09-17, 04:48:10 dricko: no payments to credit...
INFO:logger:24-09-17, 04:50:33 dricko: no payments to credit...
INFO:logger:24-09-17, 04:52:58 dricko: no payments to credit...
INFO:logger:24-09-17, 04:55:22 dricko: no payments to credit...
INFO:logger:24-09-17, 04:57:46 dricko: no payments to credit...
INFO:logger:24-09-17, 05:00:10 dricko: no payments to credit...
INFO:logger:24-09-17, 05:02:35 dricko: no payments to credit...
INFO:logger:24-09-17, 05:04:59 dricko: no payments to credit...
INFO:logger:24-09-17, 05:07:24 dricko: no payments to credit...
INFO:logger:24-09-17, 05:09:50 dricko: no payments to credit...
INFO:logger:24-09-17, 05:12:14 dricko: no payments to credit...
INFO:logger:24-09-17, 05:14:39 dricko: no payments to credit...
INFO:logger:24-09-17, 05:17:03 dricko: no payments to credit...
INFO:logger:24-09-17, 05:19:27 dricko: no payments to credit...
INFO:logger:24-09-17, 05:21:51 dricko: no payments to credit...
INFO:logger:24-09-17, 05:24:15 dricko: no payments to credit...
INFO:logger:24-09-17, 05:26:40 dricko: no payments to credit...
INFO:logger:24-09-17, 05:29:04 dricko: no payments to credit...
INFO:logger:24-09-17, 05:31:44 dricko: no payments to credit...
INFO:logger:24-09-17, 05:34:08 dricko: no payments to credit...
INFO:logger:24-09-17, 05:36:32 dricko: no payments to credit...
INFO:logger:24-09-17, 05:38:56 dricko: no payments to credit...
INFO:logger:24-09-17, 05:41:21 dricko: no payments to credit...
INFO:logger:24-09-17, 05:43:45 dricko: no payments to credit...
INFO:logger:24-09-17, 05:46:09 dricko: no payments to credit...
INFO:logger:24-09-17, 05:48:33 dricko: no payments to credit...
INFO:logger:24-09-17, 05:50:57 dricko: no payments to credit...
INFO:logger:24-09-17, 05:53:20 dricko: no payments to credit...
INFO:logger:24-09-17, 05:55:44 dricko: no payments to credit...
INFO:logger:24-09-17, 05:58:08 dricko: no payments to credit...
INFO:logger:24-09-17, 06:00:32 dricko: no payments to credit...
INFO:logger:24-09-17, 06:02:56 dricko: no payments to credit...
INFO:logger:24-09-17, 06:05:20 dricko: no payments to credit...
INFO:logger:24-09-17, 06:07:44 dricko: no payments to credit...
INFO:logger:24-09-17, 06:10:08 dricko: no payments to credit...
INFO:logger:24-09-17, 06:12:31 dricko: no payments to credit...
INFO:logger:24-09-17, 06:14:55 dricko: no payments to credit...
INFO:logger:24-09-17, 06:17:19 dricko: no payments to credit...
INFO:logger:24-09-17, 06:19:43 dricko: no payments to credit...
INFO:logger:24-09-17, 06:22:08 dricko: no payments to credit...
INFO:logger:24-09-17, 06:24:31 dricko: no payments to credit...
INFO:logger:24-09-17, 06:26:55 dricko: no payments to credit...
INFO:logger:24-09-17, 06:29:19 dricko: no payments to credit...
INFO:logger:24-09-17, 06:31:43 dricko: no payments to credit...
INFO:logger:24-09-17, 06:34:07 dricko: no payments to credit...
INFO:logger:24-09-17, 06:36:31 dricko: no payments to credit...
INFO:logger:24-09-17, 06:38:55 dricko: no payments to credit...
INFO:logger:24-09-17, 06:41:19 dricko: no payments to credit...
INFO:logger:24-09-17, 06:43:42 dricko: no payments to credit...
INFO:logger:24-09-17, 06:46:07 dricko: no payments to credit...
INFO:logger:24-09-17, 06:48:31 dricko: no payments to credit...
INFO:logger:24-09-17, 06:50:55 dricko: no payments to credit...
INFO:logger:24-09-17, 06:53:20 dricko: no payments to credit...
INFO:logger:24-09-17, 06:55:44 dricko: no payments to credit...
INFO:logger:24-09-17, 06:58:08 dricko: no payments to credit...
INFO:logger:24-09-17, 07:00:32 dricko: no payments to credit...
INFO:logger:24-09-17, 07:02:57 dricko: no payments to credit...
INFO:logger:24-09-17, 07:05:20 dricko: no payments to credit...
INFO:logger:24-09-17, 07:07:45 dricko: no payments to credit...
INFO:logger:24-09-17, 07:10:09 dricko: no payments to credit...
INFO:logger:24-09-17, 07:12:33 dricko: no payments to credit...
INFO:logger:24-09-17, 07:14:56 dricko: no payments to credit...
INFO:logger:24-09-17, 07:17:20 dricko: no payments to credit...
INFO:logger:24-09-17, 07:19:44 dricko: no payments to credit...
INFO:logger:24-09-17, 07:22:08 dricko: no payments to credit...
INFO:logger:24-09-17, 07:24:31 dricko: no payments to credit...
INFO:logger:24-09-17, 07:26:55 dricko: no payments to credit...
INFO:logger:24-09-17, 07:29:18 dricko: no payments to credit...
INFO:logger:24-09-17, 07:31:42 dricko: no payments to credit...
INFO:logger:24-09-17, 07:34:06 dricko: no payments to credit...
INFO:logger:24-09-17, 07:36:30 dricko: no payments to credit...
INFO:logger:24-09-17, 07:38:54 dricko: no payments to credit...
INFO:logger:24-09-17, 07:41:17 dricko: no payments to credit...
INFO:logger:24-09-17, 07:43:41 dricko: no payments to credit...
INFO:logger:24-09-17, 07:46:05 dricko: no payments to credit...
INFO:logger:24-09-17, 07:48:29 dricko: no payments to credit...
INFO:logger:24-09-17, 07:50:53 dricko: no payments to credit...
INFO:logger:24-09-17, 07:53:17 dricko: no payments to credit...
INFO:logger:24-09-17, 07:55:41 dricko: no payments to credit...
INFO:logger:24-09-17, 07:58:05 dricko: no payments to credit...
INFO:logger:24-09-17, 08:00:30 dricko: no payments to credit...
INFO:logger:24-09-17, 08:02:54 dricko: no payments to credit...
INFO:logger:24-09-17, 08:05:19 dricko: no payments to credit...
INFO:logger:24-09-17, 08:07:42 dricko: no payments to credit...
INFO:logger:24-09-17, 08:10:07 dricko: no payments to credit...
INFO:logger:24-09-17, 08:12:31 dricko: no payments to credit...
INFO:logger:24-09-17, 08:14:55 dricko: no payments to credit...
INFO:logger:24-09-17, 08:17:19 dricko: no payments to credit...
INFO:logger:24-09-17, 08:19:43 dricko: no payments to credit...
INFO:logger:24-09-17, 08:22:07 dricko: no payments to credit...
INFO:logger:24-09-17, 08:24:31 dricko: no payments to credit...
INFO:logger:24-09-17, 08:26:55 dricko: no payments to credit...
INFO:logger:24-09-17, 08:29:19 dricko: no payments to credit...
INFO:logger:24-09-17, 08:31:44 dricko: no payments to credit...
INFO:logger:24-09-17, 08:34:08 dricko: no payments to credit...
INFO:logger:24-09-17, 08:36:34 dricko: no payments to credit...
INFO:logger:24-09-17, 08:38:58 dricko: no payments to credit...
INFO:logger:24-09-17, 08:41:23 dricko: no payments to credit...
INFO:logger:24-09-17, 08:43:47 dricko: no payments to credit...
INFO:logger:24-09-17, 08:46:11 dricko: no payments to credit...
INFO:logger:24-09-17, 08:48:38 dricko: no payments to credit...
INFO:logger:24-09-17, 08:51:02 dricko: no payments to credit...
INFO:logger:24-09-17, 08:53:26 dricko: no payments to credit...
INFO:logger:24-09-17, 08:55:50 dricko: no payments to credit...
INFO:logger:24-09-17, 08:58:15 dricko: no payments to credit...
INFO:logger:24-09-17, 09:00:39 dricko: no payments to credit...
INFO:logger:24-09-17, 09:03:04 dricko: no payments to credit...
INFO:logger:24-09-17, 09:05:28 dricko: no payments to credit...
INFO:logger:24-09-17, 09:07:52 dricko: no payments to credit...
INFO:logger:24-09-17, 09:10:16 dricko: no payments to credit...
INFO:logger:24-09-17, 09:12:40 dricko: no payments to credit...
INFO:logger:24-09-17, 09:15:04 dricko: no payments to credit...
INFO:logger:24-09-17, 09:17:29 dricko: no payments to credit...
INFO:logger:24-09-17, 09:19:53 dricko: no payments to credit...
INFO:logger:24-09-17, 09:22:17 dricko: no payments to credit...
INFO:logger:24-09-17, 09:24:41 dricko: no payments to credit...
INFO:logger:24-09-17, 09:27:06 dricko: no payments to credit...
INFO:logger:24-09-17, 09:29:30 dricko: no payments to credit...
INFO:logger:24-09-17, 09:31:56 dricko: no payments to credit...
INFO:logger:24-09-17, 09:34:20 dricko: no payments to credit...
INFO:logger:24-09-17, 09:36:45 dricko: no payments to credit...
INFO:logger:24-09-17, 09:39:09 dricko: no payments to credit...
INFO:logger:24-09-17, 09:41:33 dricko: no payments to credit...
INFO:logger:24-09-17, 09:43:58 dricko: no payments to credit...
INFO:logger:24-09-17, 09:46:22 dricko: no payments to credit...
INFO:logger:24-09-17, 09:48:47 dricko: no payments to credit...
INFO:logger:24-09-17, 09:51:11 dricko: no payments to credit...
INFO:logger:24-09-17, 09:53:37 dricko: no payments to credit...
INFO:logger:24-09-17, 09:56:02 dricko: no payments to credit...
INFO:logger:24-09-17, 09:58:26 dricko: no payments to credit...
INFO:logger:24-09-17, 10:00:59 dricko: no payments to credit...
INFO:logger:24-09-17, 10:03:24 dricko: no payments to credit...
INFO:logger:24-09-17, 10:05:48 dricko: no payments to credit...
INFO:logger:24-09-17, 10:08:14 dricko: no payments to credit...
INFO:logger:24-09-17, 10:10:39 dricko: no payments to credit...
INFO:logger:24-09-17, 10:13:03 dricko: no payments to credit...
INFO:logger:24-09-17, 10:15:28 dricko: no payments to credit...
INFO:logger:24-09-17, 10:17:53 dricko: no payments to credit...
INFO:logger:24-09-17, 10:20:17 dricko: no payments to credit...
INFO:logger:24-09-17, 10:22:41 dricko: no payments to credit...
INFO:logger:24-09-17, 10:25:37 dricko: no payments to credit...
INFO:logger:24-09-17, 10:28:01 dricko: no payments to credit...
INFO:logger:24-09-17, 10:30:27 dricko: no payments to credit...
INFO:logger:24-09-17, 10:32:51 dricko: no payments to credit...
INFO:logger:24-09-17, 10:35:16 dricko: no payments to credit...
INFO:logger:24-09-17, 10:37:40 dricko: no payments to credit...
INFO:logger:24-09-17, 10:40:06 dricko: no payments to credit...
INFO:logger:24-09-17, 10:42:30 dricko: no payments to credit...
INFO:logger:24-09-17, 10:44:54 dricko: no payments to credit...
INFO:logger:24-09-17, 10:47:23 dricko: no payments to credit...
INFO:logger:24-09-17, 10:49:47 dricko: no payments to credit...
INFO:logger:24-09-17, 10:52:15 dricko: no payments to credit...
INFO:logger:24-09-17, 10:54:40 dricko: no payments to credit...
INFO:logger:24-09-17, 10:57:05 dricko: no payments to credit...
INFO:logger:24-09-17, 10:59:31 dricko: no payments to credit...
INFO:logger:24-09-17, 11:02:14 dricko: no payments to credit...
INFO:logger:24-09-17, 11:04:42 dricko: no payments to credit...
INFO:logger:24-09-17, 11:07:12 dricko: no payments to credit...
INFO:logger:24-09-17, 11:09:58 CEEC762A406C474F895858433777EC1A was successfully credited!
INFO:logger:24-09-17, 11:10:06 dricko: no payments to credit...
INFO:logger:24-09-17, 11:12:50 dricko: no payments to credit...
INFO:logger:24-09-17, 11:15:17 dricko: no payments to credit...
INFO:logger:24-09-17, 11:17:44 dricko: no payments to credit...
INFO:logger:24-09-17, 11:20:10 dricko: no payments to credit...
INFO:logger:24-09-17, 11:22:07 AA4800CEEFB9475A93C35E30E1227E73 was successfully credited!
INFO:logger:24-09-17, 11:22:15 dricko: no payments to credit...
INFO:logger:24-09-17, 11:24:41 dricko: no payments to credit...
INFO:logger:24-09-17, 11:27:07 dricko: no payments to credit...
INFO:logger:24-09-17, 11:29:05 0BDB5C7D3F9047F0B663655029B544A7 was successfully credited!
INFO:logger:24-09-17, 11:29:12 dricko: no payments to credit...
INFO:logger:24-09-17, 11:31:38 dricko: no payments to credit...
INFO:logger:24-09-17, 11:34:04 dricko: no payments to credit...
INFO:logger:24-09-17, 11:36:29 dricko: no payments to credit...
INFO:logger:24-09-17, 11:38:56 dricko: no payments to credit...
INFO:logger:24-09-17, 11:41:21 dricko: no payments to credit...
INFO:logger:24-09-17, 11:43:46 dricko: no payments to credit...
INFO:logger:24-09-17, 11:46:10 dricko: no payments to credit...
INFO:logger:24-09-17, 11:48:35 dricko: no payments to credit...
INFO:logger:24-09-17, 11:51:00 dricko: no payments to credit...
INFO:logger:24-09-17, 11:53:25 dricko: no payments to credit...
INFO:logger:24-09-17, 11:55:51 dricko: no payments to credit...
INFO:logger:24-09-17, 11:58:17 dricko: no payments to credit...
INFO:logger:24-09-17, 12:00:47 dricko: no payments to credit...
INFO:logger:24-09-17, 12:03:14 dricko: no payments to credit...
INFO:logger:24-09-17, 12:05:41 dricko: no payments to credit...
INFO:logger:24-09-17, 12:08:07 dricko: no payments to credit...
INFO:logger:24-09-17, 12:09:07 BB7618BBB8CD4FC59C36CED3C6529BBA was successfully credited!
INFO:logger:24-09-17, 12:09:14 dricko: no payments to credit...
INFO:logger:24-09-17, 12:11:41 dricko: no payments to credit...
INFO:logger:24-09-17, 12:14:09 dricko: no payments to credit...
INFO:logger:24-09-17, 12:16:35 dricko: no payments to credit...
INFO:logger:24-09-17, 12:19:00 dricko: no payments to credit...
INFO:logger:24-09-17, 12:21:26 dricko: no payments to credit...
INFO:logger:24-09-17, 12:23:53 dricko: no payments to credit...
INFO:logger:24-09-17, 12:26:18 dricko: no payments to credit...
INFO:logger:24-09-17, 12:28:42 dricko: no payments to credit...
INFO:logger:24-09-17, 12:31:07 dricko: no payments to credit...
INFO:logger:24-09-17, 12:33:32 dricko: no payments to credit...
INFO:logger:24-09-17, 12:35:57 dricko: no payments to credit...
INFO:logger:24-09-17, 12:38:23 dricko: no payments to credit...
Process Dricko-4:
Traceback (most recent call last):
  File "/home/foc/.local/lib/python3.9/site-packages/urllib3/connection.py", line 174, in _new_conn
    conn = connection.create_connection(
  File "/home/foc/.local/lib/python3.9/site-packages/urllib3/util/connection.py", line 95, in create_connection
    raise err
  File "/home/foc/.local/lib/python3.9/site-packages/urllib3/util/connection.py", line 85, in create_connection
    sock.connect(sa)
OSError: [Errno 113] No route to host

During handling of the above exception, another exception occurred:

Traceback (most recent call last):
  File "/home/foc/.local/lib/python3.9/site-packages/urllib3/connectionpool.py", line 703, in urlopen
    httplib_response = self._make_request(
  File "/home/foc/.local/lib/python3.9/site-packages/urllib3/connectionpool.py", line 386, in _make_request
    self._validate_conn(conn)
  File "/home/foc/.local/lib/python3.9/site-packages/urllib3/connectionpool.py", line 1040, in _validate_conn
    conn.connect()
  File "/home/foc/.local/lib/python3.9/site-packages/urllib3/connection.py", line 358, in connect
    self.sock = conn = self._new_conn()
  File "/home/foc/.local/lib/python3.9/site-packages/urllib3/connection.py", line 186, in _new_conn
    raise NewConnectionError(
urllib3.exceptions.NewConnectionError: <urllib3.connection.HTTPSConnection object at 0xf6ad30d0>: Failed to establish a new connection: [Errno 113] No route to host

During handling of the above exception, another exception occurred:

Traceback (most recent call last):
  File "/home/foc/.local/lib/python3.9/site-packages/requests/adapters.py", line 440, in send
    resp = conn.urlopen(
  File "/home/foc/.local/lib/python3.9/site-packages/urllib3/connectionpool.py", line 785, in urlopen
    retries = retries.increment(
  File "/home/foc/.local/lib/python3.9/site-packages/urllib3/util/retry.py", line 592, in increment
    raise MaxRetryError(_pool, url, error or ResponseError(cause))
urllib3.exceptions.MaxRetryError: HTTPSConnectionPool(host='focpay.xyz', port=443): Max retries exceeded with url: /api/payments/get_paid_drickomaten_payment/ (Caused by NewConnectionError('<urllib3.connection.HTTPSConnection object at 0xf6ad30d0>: Failed to establish a new connection: [Errno 113] No route to host'))

During handling of the above exception, another exception occurred:

Traceback (most recent call last):
  File "/usr/lib/python3.9/multiprocessing/process.py", line 315, in _bootstrap
    self.run()
  File "/home/foc/foc_pay3.0/dricko_handler.py", line 41, in run
    rsp = self.api_get("payments/get_paid_drickomaten_payment/")
  File "/home/foc/foc_pay3.0/dricko_handler.py", line 27, in api_get
    return requests.get(url, headers=self.headers)
  File "/home/foc/.local/lib/python3.9/site-packages/requests/api.py", line 75, in get
    return request('get', url, params=params, **kwargs)
  File "/home/foc/.local/lib/python3.9/site-packages/requests/api.py", line 61, in request
    return session.request(method=method, url=url, **kwargs)
  File "/home/foc/.local/lib/python3.9/site-packages/requests/sessions.py", line 529, in request
    resp = self.send(prep, **send_kwargs)
  File "/home/foc/.local/lib/python3.9/site-packages/requests/sessions.py", line 645, in send
    r = adapter.send(request, **kwargs)
  File "/home/foc/.local/lib/python3.9/site-packages/requests/adapters.py", line 519, in send
    raise ConnectionError(e, request=request)
requests.exceptions.ConnectionError: HTTPSConnectionPool(host='focpay.xyz', port=443): Max retries exceeded with url: /api/payments/get_paid_drickomaten_payment/ (Caused by NewConnectionError('<urllib3.connection.HTTPSConnection object at 0xf6ad30d0>: Failed to establish a new connection: [Errno 113] No route to host'))
